10/31/2019 17:59:31 - INFO - transformers.configuration_utils -   loading configuration file ./input/config/bert-base-chinese-config.json
10/31/2019 17:59:31 - INFO - transformers.configuration_utils -   Model config {
  "attention_probs_dropout_prob": 0.1,
  "directionality": "bidi",
  "finetuning_task": null,
  "hidden_act": "gelu",
  "hidden_dropout_prob": 0.1,
  "hidden_size": 768,
  "initializer_range": 0.02,
  "intermediate_size": 3072,
  "layer_norm_eps": 1e-12,
  "max_position_embeddings": 512,
  "num_attention_heads": 12,
  "num_hidden_layers": 12,
  "num_labels": 2,
  "output_attentions": false,
  "output_hidden_states": false,
  "pooler_fc_size": 768,
  "pooler_num_attention_heads": 12,
  "pooler_num_fc_layers": 3,
  "pooler_size_per_head": 128,
  "pooler_type": "first_token_transform",
  "pruned_heads": {},
  "torchscript": false,
  "type_vocab_size": 2,
  "use_bfloat16": false,
  "vocab_size": 21128
}

10/31/2019 17:59:31 - INFO - transformers.modeling_utils -   loading weights file ./input/config/bert-base-chinese-model.bin
10/31/2019 17:59:33 - INFO - transformers.modeling_utils -   Weights of BertForSequenceClassification not initialized from pretrained model: ['classifier.weight', 'classifier.bias']
10/31/2019 17:59:33 - INFO - transformers.modeling_utils -   Weights from pretrained model not used in BertForSequenceClassification: ['cls.predictions.bias', 'cls.predictions.transform.dense.weight', 'cls.predictions.transform.dense.bias', 'cls.predictions.decoder.weight', 'cls.seq_relationship.weight', 'cls.seq_relationship.bias', 'cls.predictions.transform.LayerNorm.weight', 'cls.predictions.transform.LayerNorm.bias']
10/31/2019 17:59:35 - INFO - __main__ -   ***** Running training *****
10/31/2019 17:59:35 - INFO - __main__ -     Num examples = 87654
10/31/2019 17:59:35 - INFO - __main__ -     Num Epochs = 8
10/31/2019 17:59:35 - INFO - __main__ -     Gradient Accumulation steps = 4
10/31/2019 17:59:35 - INFO - __main__ -     Total optimization steps = 5480
10/31/2019 17:59:37 - INFO - __main__ -   EPOCH = [1/8] global_step = 1   loss = 0.612780
10/31/2019 17:59:38 - INFO - __main__ -   EPOCH = [1/8] global_step = 2   loss = 0.427931
10/31/2019 17:59:40 - INFO - __main__ -   EPOCH = [1/8] global_step = 3   loss = 0.248389
10/31/2019 17:59:41 - INFO - __main__ -   EPOCH = [1/8] global_step = 4   loss = 0.192034
10/31/2019 17:59:42 - INFO - __main__ -   EPOCH = [1/8] global_step = 5   loss = 0.170108
10/31/2019 17:59:43 - INFO - __main__ -   EPOCH = [1/8] global_step = 6   loss = 0.214135
10/31/2019 17:59:45 - INFO - __main__ -   EPOCH = [1/8] global_step = 7   loss = 0.195512
10/31/2019 17:59:46 - INFO - __main__ -   EPOCH = [1/8] global_step = 8   loss = 0.127742
10/31/2019 17:59:47 - INFO - __main__ -   EPOCH = [1/8] global_step = 9   loss = 0.140278
10/31/2019 17:59:48 - INFO - __main__ -   EPOCH = [1/8] global_step = 10   loss = 0.129989
10/31/2019 17:59:50 - INFO - __main__ -   EPOCH = [1/8] global_step = 11   loss = 0.086140
10/31/2019 17:59:51 - INFO - __main__ -   EPOCH = [1/8] global_step = 12   loss = 0.161617
10/31/2019 17:59:52 - INFO - __main__ -   EPOCH = [1/8] global_step = 13   loss = 0.147943
10/31/2019 17:59:53 - INFO - __main__ -   EPOCH = [1/8] global_step = 14   loss = 0.122713
10/31/2019 17:59:55 - INFO - __main__ -   EPOCH = [1/8] global_step = 15   loss = 0.124352
10/31/2019 17:59:56 - INFO - __main__ -   EPOCH = [1/8] global_step = 16   loss = 0.073282
10/31/2019 17:59:57 - INFO - __main__ -   EPOCH = [1/8] global_step = 17   loss = 0.063777
10/31/2019 17:59:58 - INFO - __main__ -   EPOCH = [1/8] global_step = 18   loss = 0.063590
10/31/2019 18:00:00 - INFO - __main__ -   EPOCH = [1/8] global_step = 19   loss = 0.164744
10/31/2019 18:00:01 - INFO - __main__ -   EPOCH = [1/8] global_step = 20   loss = 0.075934
10/31/2019 18:00:02 - INFO - __main__ -   EPOCH = [1/8] global_step = 21   loss = 0.055349
10/31/2019 18:00:03 - INFO - __main__ -   EPOCH = [1/8] global_step = 22   loss = 0.080569
10/31/2019 18:00:05 - INFO - __main__ -   EPOCH = [1/8] global_step = 23   loss = 0.026144
10/31/2019 18:00:06 - INFO - __main__ -   EPOCH = [1/8] global_step = 24   loss = 0.021670
10/31/2019 18:00:07 - INFO - __main__ -   EPOCH = [1/8] global_step = 25   loss = 0.118458
10/31/2019 18:00:08 - INFO - __main__ -   EPOCH = [1/8] global_step = 26   loss = 0.112464
10/31/2019 18:00:10 - INFO - __main__ -   EPOCH = [1/8] global_step = 27   loss = 0.157626
10/31/2019 18:00:11 - INFO - __main__ -   EPOCH = [1/8] global_step = 28   loss = 0.135563
10/31/2019 18:00:12 - INFO - __main__ -   EPOCH = [1/8] global_step = 29   loss = 0.043790
10/31/2019 18:00:13 - INFO - __main__ -   EPOCH = [1/8] global_step = 30   loss = 0.045835
10/31/2019 18:00:15 - INFO - __main__ -   EPOCH = [1/8] global_step = 31   loss = 0.099188
10/31/2019 18:00:16 - INFO - __main__ -   EPOCH = [1/8] global_step = 32   loss = 0.088529
10/31/2019 18:00:17 - INFO - __main__ -   EPOCH = [1/8] global_step = 33   loss = 0.073930
10/31/2019 18:00:18 - INFO - __main__ -   EPOCH = [1/8] global_step = 34   loss = 0.097890
10/31/2019 18:00:19 - INFO - __main__ -   EPOCH = [1/8] global_step = 35   loss = 0.018223
10/31/2019 18:00:21 - INFO - __main__ -   EPOCH = [1/8] global_step = 36   loss = 0.040170
10/31/2019 18:00:22 - INFO - __main__ -   EPOCH = [1/8] global_step = 37   loss = 0.087678
10/31/2019 18:00:23 - INFO - __main__ -   EPOCH = [1/8] global_step = 38   loss = 0.088562
10/31/2019 18:00:24 - INFO - __main__ -   EPOCH = [1/8] global_step = 39   loss = 0.039134
10/31/2019 18:00:26 - INFO - __main__ -   EPOCH = [1/8] global_step = 40   loss = 0.035595
10/31/2019 18:00:27 - INFO - __main__ -   EPOCH = [1/8] global_step = 41   loss = 0.038886
10/31/2019 18:00:28 - INFO - __main__ -   EPOCH = [1/8] global_step = 42   loss = 0.011896
10/31/2019 18:00:29 - INFO - __main__ -   EPOCH = [1/8] global_step = 43   loss = 0.056880
10/31/2019 18:00:31 - INFO - __main__ -   EPOCH = [1/8] global_step = 44   loss = 0.009033
10/31/2019 18:00:32 - INFO - __main__ -   EPOCH = [1/8] global_step = 45   loss = 0.030086
10/31/2019 18:00:33 - INFO - __main__ -   EPOCH = [1/8] global_step = 46   loss = 0.057506
10/31/2019 18:00:34 - INFO - __main__ -   EPOCH = [1/8] global_step = 47   loss = 0.039543
10/31/2019 18:00:36 - INFO - __main__ -   EPOCH = [1/8] global_step = 48   loss = 0.080892
10/31/2019 18:00:37 - INFO - __main__ -   EPOCH = [1/8] global_step = 49   loss = 0.061275
10/31/2019 18:00:38 - INFO - __main__ -   EPOCH = [1/8] global_step = 50   loss = 0.049736
10/31/2019 18:00:38 - INFO - __main__ -   ***** Running evaluation *****
10/31/2019 18:00:38 - INFO - __main__ -     Num examples = 29610
10/31/2019 18:00:38 - INFO - __main__ -     Batch size = 256
10/31/2019 18:01:59 - INFO - __main__ -   Evaluating EPOCH = [1/8] global_step = 50 eval_loss = 0.060921 question_acc = 0.919149 label_acc = 0.986153
10/31/2019 18:02:00 - INFO - root -   save the best model ./output\best_bert.bin , question_acc = 0.919149
10/31/2019 18:02:01 - INFO - __main__ -   EPOCH = [1/8] global_step = 51   loss = 0.041147
10/31/2019 18:02:02 - INFO - __main__ -   EPOCH = [1/8] global_step = 52   loss = 0.032430
10/31/2019 18:02:04 - INFO - __main__ -   EPOCH = [1/8] global_step = 53   loss = 0.035731
10/31/2019 18:02:05 - INFO - __main__ -   EPOCH = [1/8] global_step = 54   loss = 0.091257
10/31/2019 18:02:06 - INFO - __main__ -   EPOCH = [1/8] global_step = 55   loss = 0.038146
10/31/2019 18:02:08 - INFO - __main__ -   EPOCH = [1/8] global_step = 56   loss = 0.102499
10/31/2019 18:02:09 - INFO - __main__ -   EPOCH = [1/8] global_step = 57   loss = 0.089770
10/31/2019 18:02:10 - INFO - __main__ -   EPOCH = [1/8] global_step = 58   loss = 0.142911
10/31/2019 18:02:11 - INFO - __main__ -   EPOCH = [1/8] global_step = 59   loss = 0.031027
10/31/2019 18:02:13 - INFO - __main__ -   EPOCH = [1/8] global_step = 60   loss = 0.172144
10/31/2019 18:02:14 - INFO - __main__ -   EPOCH = [1/8] global_step = 61   loss = 0.130520
10/31/2019 18:02:15 - INFO - __main__ -   EPOCH = [1/8] global_step = 62   loss = 0.011191
10/31/2019 18:02:17 - INFO - __main__ -   EPOCH = [1/8] global_step = 63   loss = 0.010397
10/31/2019 18:02:18 - INFO - __main__ -   EPOCH = [1/8] global_step = 64   loss = 0.029149
10/31/2019 18:02:19 - INFO - __main__ -   EPOCH = [1/8] global_step = 65   loss = 0.047199
10/31/2019 18:02:20 - INFO - __main__ -   EPOCH = [1/8] global_step = 66   loss = 0.111105
10/31/2019 18:02:22 - INFO - __main__ -   EPOCH = [1/8] global_step = 67   loss = 0.083422
10/31/2019 18:02:23 - INFO - __main__ -   EPOCH = [1/8] global_step = 68   loss = 0.040995
10/31/2019 18:02:24 - INFO - __main__ -   EPOCH = [1/8] global_step = 69   loss = 0.051977
10/31/2019 18:02:25 - INFO - __main__ -   EPOCH = [1/8] global_step = 70   loss = 0.065389
10/31/2019 18:02:27 - INFO - __main__ -   EPOCH = [1/8] global_step = 71   loss = 0.035778
10/31/2019 18:02:28 - INFO - __main__ -   EPOCH = [1/8] global_step = 72   loss = 0.015945
10/31/2019 18:02:29 - INFO - __main__ -   EPOCH = [1/8] global_step = 73   loss = 0.061939
10/31/2019 18:02:31 - INFO - __main__ -   EPOCH = [1/8] global_step = 74   loss = 0.121816
10/31/2019 18:02:32 - INFO - __main__ -   EPOCH = [1/8] global_step = 75   loss = 0.049280
10/31/2019 18:02:33 - INFO - __main__ -   EPOCH = [1/8] global_step = 76   loss = 0.047215
10/31/2019 18:02:34 - INFO - __main__ -   EPOCH = [1/8] global_step = 77   loss = 0.030951
10/31/2019 18:02:36 - INFO - __main__ -   EPOCH = [1/8] global_step = 78   loss = 0.085287
10/31/2019 18:02:37 - INFO - __main__ -   EPOCH = [1/8] global_step = 79   loss = 0.028181
10/31/2019 18:02:38 - INFO - __main__ -   EPOCH = [1/8] global_step = 80   loss = 0.030757
10/31/2019 18:02:40 - INFO - __main__ -   EPOCH = [1/8] global_step = 81   loss = 0.054091
10/31/2019 18:02:41 - INFO - __main__ -   EPOCH = [1/8] global_step = 82   loss = 0.020134
10/31/2019 18:02:42 - INFO - __main__ -   EPOCH = [1/8] global_step = 83   loss = 0.070771
10/31/2019 18:02:43 - INFO - __main__ -   EPOCH = [1/8] global_step = 84   loss = 0.070747
10/31/2019 18:02:45 - INFO - __main__ -   EPOCH = [1/8] global_step = 85   loss = 0.119579
10/31/2019 18:02:46 - INFO - __main__ -   EPOCH = [1/8] global_step = 86   loss = 0.090074
10/31/2019 18:02:47 - INFO - __main__ -   EPOCH = [1/8] global_step = 87   loss = 0.022731
10/31/2019 18:02:48 - INFO - __main__ -   EPOCH = [1/8] global_step = 88   loss = 0.063988
10/31/2019 18:02:50 - INFO - __main__ -   EPOCH = [1/8] global_step = 89   loss = 0.088956
10/31/2019 18:02:51 - INFO - __main__ -   EPOCH = [1/8] global_step = 90   loss = 0.065594
10/31/2019 18:02:52 - INFO - __main__ -   EPOCH = [1/8] global_step = 91   loss = 0.099999
10/31/2019 18:02:54 - INFO - __main__ -   EPOCH = [1/8] global_step = 92   loss = 0.080098
10/31/2019 18:02:55 - INFO - __main__ -   EPOCH = [1/8] global_step = 93   loss = 0.043792
10/31/2019 18:02:56 - INFO - __main__ -   EPOCH = [1/8] global_step = 94   loss = 0.063848
10/31/2019 18:02:57 - INFO - __main__ -   EPOCH = [1/8] global_step = 95   loss = 0.021403
10/31/2019 18:02:59 - INFO - __main__ -   EPOCH = [1/8] global_step = 96   loss = 0.063725
10/31/2019 18:03:00 - INFO - __main__ -   EPOCH = [1/8] global_step = 97   loss = 0.056730
10/31/2019 18:03:01 - INFO - __main__ -   EPOCH = [1/8] global_step = 98   loss = 0.019784
10/31/2019 18:03:03 - INFO - __main__ -   EPOCH = [1/8] global_step = 99   loss = 0.008494
10/31/2019 18:03:04 - INFO - __main__ -   EPOCH = [1/8] global_step = 100   loss = 0.070727
10/31/2019 18:03:04 - INFO - __main__ -   ***** Running evaluation *****
10/31/2019 18:03:04 - INFO - __main__ -     Num examples = 29610
10/31/2019 18:03:04 - INFO - __main__ -     Batch size = 256
10/31/2019 18:04:25 - INFO - __main__ -   Evaluating EPOCH = [1/8] global_step = 100 eval_loss = 0.039282 question_acc = 0.937791 label_acc = 0.989362
10/31/2019 18:04:26 - INFO - root -   save the best model ./output\best_bert.bin , question_acc = 0.937791
10/31/2019 18:04:27 - INFO - __main__ -   EPOCH = [1/8] global_step = 101   loss = 0.009586
10/31/2019 18:04:28 - INFO - __main__ -   EPOCH = [1/8] global_step = 102   loss = 0.111722
10/31/2019 18:04:30 - INFO - __main__ -   EPOCH = [1/8] global_step = 103   loss = 0.058885
10/31/2019 18:04:31 - INFO - __main__ -   EPOCH = [1/8] global_step = 104   loss = 0.038164
10/31/2019 18:04:32 - INFO - __main__ -   EPOCH = [1/8] global_step = 105   loss = 0.120139
10/31/2019 18:04:33 - INFO - __main__ -   EPOCH = [1/8] global_step = 106   loss = 0.027829
10/31/2019 18:04:35 - INFO - __main__ -   EPOCH = [1/8] global_step = 107   loss = 0.091418
10/31/2019 18:04:36 - INFO - __main__ -   EPOCH = [1/8] global_step = 108   loss = 0.018394
10/31/2019 18:04:37 - INFO - __main__ -   EPOCH = [1/8] global_step = 109   loss = 0.025253
10/31/2019 18:04:38 - INFO - __main__ -   EPOCH = [1/8] global_step = 110   loss = 0.028256
10/31/2019 18:04:40 - INFO - __main__ -   EPOCH = [1/8] global_step = 111   loss = 0.048774
10/31/2019 18:04:41 - INFO - __main__ -   EPOCH = [1/8] global_step = 112   loss = 0.068825
10/31/2019 18:04:42 - INFO - __main__ -   EPOCH = [1/8] global_step = 113   loss = 0.066831
10/31/2019 18:04:44 - INFO - __main__ -   EPOCH = [1/8] global_step = 114   loss = 0.073747
10/31/2019 18:04:45 - INFO - __main__ -   EPOCH = [1/8] global_step = 115   loss = 0.046485
10/31/2019 18:04:46 - INFO - __main__ -   EPOCH = [1/8] global_step = 116   loss = 0.023444
10/31/2019 18:04:47 - INFO - __main__ -   EPOCH = [1/8] global_step = 117   loss = 0.064080
10/31/2019 18:04:49 - INFO - __main__ -   EPOCH = [1/8] global_step = 118   loss = 0.050425
10/31/2019 18:04:50 - INFO - __main__ -   EPOCH = [1/8] global_step = 119   loss = 0.028224
10/31/2019 18:04:51 - INFO - __main__ -   EPOCH = [1/8] global_step = 120   loss = 0.055084
10/31/2019 18:04:53 - INFO - __main__ -   EPOCH = [1/8] global_step = 121   loss = 0.027244
10/31/2019 18:04:54 - INFO - __main__ -   EPOCH = [1/8] global_step = 122   loss = 0.103377
10/31/2019 18:04:55 - INFO - __main__ -   EPOCH = [1/8] global_step = 123   loss = 0.017251
10/31/2019 18:04:56 - INFO - __main__ -   EPOCH = [1/8] global_step = 124   loss = 0.048555
10/31/2019 18:04:58 - INFO - __main__ -   EPOCH = [1/8] global_step = 125   loss = 0.011069
10/31/2019 18:04:59 - INFO - __main__ -   EPOCH = [1/8] global_step = 126   loss = 0.082867
10/31/2019 18:05:01 - INFO - __main__ -   EPOCH = [1/8] global_step = 127   loss = 0.139759
10/31/2019 18:05:02 - INFO - __main__ -   EPOCH = [1/8] global_step = 128   loss = 0.107030
10/31/2019 18:05:03 - INFO - __main__ -   EPOCH = [1/8] global_step = 129   loss = 0.084996
10/31/2019 18:05:04 - INFO - __main__ -   EPOCH = [1/8] global_step = 130   loss = 0.061573
10/31/2019 18:05:06 - INFO - __main__ -   EPOCH = [1/8] global_step = 131   loss = 0.023742
10/31/2019 18:05:07 - INFO - __main__ -   EPOCH = [1/8] global_step = 132   loss = 0.021527
10/31/2019 18:05:08 - INFO - __main__ -   EPOCH = [1/8] global_step = 133   loss = 0.060293
10/31/2019 18:05:10 - INFO - __main__ -   EPOCH = [1/8] global_step = 134   loss = 0.060899
10/31/2019 18:05:11 - INFO - __main__ -   EPOCH = [1/8] global_step = 135   loss = 0.017183
10/31/2019 18:05:12 - INFO - __main__ -   EPOCH = [1/8] global_step = 136   loss = 0.033496
10/31/2019 18:05:13 - INFO - __main__ -   EPOCH = [1/8] global_step = 137   loss = 0.010026
10/31/2019 18:05:15 - INFO - __main__ -   EPOCH = [1/8] global_step = 138   loss = 0.122292
10/31/2019 18:05:16 - INFO - __main__ -   EPOCH = [1/8] global_step = 139   loss = 0.046674
10/31/2019 18:05:17 - INFO - __main__ -   EPOCH = [1/8] global_step = 140   loss = 0.085155
10/31/2019 18:05:19 - INFO - __main__ -   EPOCH = [1/8] global_step = 141   loss = 0.061612
10/31/2019 18:05:20 - INFO - __main__ -   EPOCH = [1/8] global_step = 142   loss = 0.008802
10/31/2019 18:05:21 - INFO - __main__ -   EPOCH = [1/8] global_step = 143   loss = 0.022186
10/31/2019 18:05:22 - INFO - __main__ -   EPOCH = [1/8] global_step = 144   loss = 0.040957
10/31/2019 18:05:24 - INFO - __main__ -   EPOCH = [1/8] global_step = 145   loss = 0.028777
10/31/2019 18:05:25 - INFO - __main__ -   EPOCH = [1/8] global_step = 146   loss = 0.015848
10/31/2019 18:05:26 - INFO - __main__ -   EPOCH = [1/8] global_step = 147   loss = 0.091321
10/31/2019 18:05:28 - INFO - __main__ -   EPOCH = [1/8] global_step = 148   loss = 0.104859
10/31/2019 18:05:29 - INFO - __main__ -   EPOCH = [1/8] global_step = 149   loss = 0.053108
10/31/2019 18:05:30 - INFO - __main__ -   EPOCH = [1/8] global_step = 150   loss = 0.058160
10/31/2019 18:05:31 - INFO - __main__ -   EPOCH = [1/8] global_step = 151   loss = 0.022919
10/31/2019 18:05:33 - INFO - __main__ -   EPOCH = [1/8] global_step = 152   loss = 0.066244
10/31/2019 18:05:34 - INFO - __main__ -   EPOCH = [1/8] global_step = 153   loss = 0.182357
10/31/2019 18:05:35 - INFO - __main__ -   EPOCH = [1/8] global_step = 154   loss = 0.064951
10/31/2019 18:05:37 - INFO - __main__ -   EPOCH = [1/8] global_step = 155   loss = 0.022710
10/31/2019 18:05:38 - INFO - __main__ -   EPOCH = [1/8] global_step = 156   loss = 0.066356
10/31/2019 18:05:39 - INFO - __main__ -   EPOCH = [1/8] global_step = 157   loss = 0.008614
10/31/2019 18:05:41 - INFO - __main__ -   EPOCH = [1/8] global_step = 158   loss = 0.106562
10/31/2019 18:05:42 - INFO - __main__ -   EPOCH = [1/8] global_step = 159   loss = 0.007865
10/31/2019 18:05:43 - INFO - __main__ -   EPOCH = [1/8] global_step = 160   loss = 0.116704
10/31/2019 18:05:44 - INFO - __main__ -   EPOCH = [1/8] global_step = 161   loss = 0.112015
10/31/2019 18:05:46 - INFO - __main__ -   EPOCH = [1/8] global_step = 162   loss = 0.052968
10/31/2019 18:05:47 - INFO - __main__ -   EPOCH = [1/8] global_step = 163   loss = 0.027274
10/31/2019 18:05:48 - INFO - __main__ -   EPOCH = [1/8] global_step = 164   loss = 0.056461
10/31/2019 18:05:49 - INFO - __main__ -   EPOCH = [1/8] global_step = 165   loss = 0.028637
10/31/2019 18:05:51 - INFO - __main__ -   EPOCH = [1/8] global_step = 166   loss = 0.041072
10/31/2019 18:05:52 - INFO - __main__ -   EPOCH = [1/8] global_step = 167   loss = 0.044598
10/31/2019 18:05:53 - INFO - __main__ -   EPOCH = [1/8] global_step = 168   loss = 0.024133
10/31/2019 18:05:55 - INFO - __main__ -   EPOCH = [1/8] global_step = 169   loss = 0.010944
10/31/2019 18:05:56 - INFO - __main__ -   EPOCH = [1/8] global_step = 170   loss = 0.011332
10/31/2019 18:05:57 - INFO - __main__ -   EPOCH = [1/8] global_step = 171   loss = 0.046839
10/31/2019 18:05:59 - INFO - __main__ -   EPOCH = [1/8] global_step = 172   loss = 0.026683
10/31/2019 18:06:00 - INFO - __main__ -   EPOCH = [1/8] global_step = 173   loss = 0.055654
10/31/2019 18:06:01 - INFO - __main__ -   EPOCH = [1/8] global_step = 174   loss = 0.005721
10/31/2019 18:06:02 - INFO - __main__ -   EPOCH = [1/8] global_step = 175   loss = 0.082174
10/31/2019 18:06:04 - INFO - __main__ -   EPOCH = [1/8] global_step = 176   loss = 0.029921
10/31/2019 18:06:05 - INFO - __main__ -   EPOCH = [1/8] global_step = 177   loss = 0.019796
10/31/2019 18:06:06 - INFO - __main__ -   EPOCH = [1/8] global_step = 178   loss = 0.016848
10/31/2019 18:06:08 - INFO - __main__ -   EPOCH = [1/8] global_step = 179   loss = 0.033145
10/31/2019 18:06:09 - INFO - __main__ -   EPOCH = [1/8] global_step = 180   loss = 0.024454
10/31/2019 18:06:10 - INFO - __main__ -   EPOCH = [1/8] global_step = 181   loss = 0.045625
10/31/2019 18:06:11 - INFO - __main__ -   EPOCH = [1/8] global_step = 182   loss = 0.102213
10/31/2019 18:06:13 - INFO - __main__ -   EPOCH = [1/8] global_step = 183   loss = 0.081469
10/31/2019 18:06:14 - INFO - __main__ -   EPOCH = [1/8] global_step = 184   loss = 0.073069
10/31/2019 18:06:15 - INFO - __main__ -   EPOCH = [1/8] global_step = 185   loss = 0.018850
10/31/2019 18:06:17 - INFO - __main__ -   EPOCH = [1/8] global_step = 186   loss = 0.003468
10/31/2019 18:06:18 - INFO - __main__ -   EPOCH = [1/8] global_step = 187   loss = 0.076811
10/31/2019 18:06:19 - INFO - __main__ -   EPOCH = [1/8] global_step = 188   loss = 0.097966
10/31/2019 18:06:21 - INFO - __main__ -   EPOCH = [1/8] global_step = 189   loss = 0.002351
10/31/2019 18:06:22 - INFO - __main__ -   EPOCH = [1/8] global_step = 190   loss = 0.020985
10/31/2019 18:06:23 - INFO - __main__ -   EPOCH = [1/8] global_step = 191   loss = 0.144001
10/31/2019 18:06:24 - INFO - __main__ -   EPOCH = [1/8] global_step = 192   loss = 0.033680
10/31/2019 18:06:26 - INFO - __main__ -   EPOCH = [1/8] global_step = 193   loss = 0.059047
10/31/2019 18:06:27 - INFO - __main__ -   EPOCH = [1/8] global_step = 194   loss = 0.086589
10/31/2019 18:06:28 - INFO - __main__ -   EPOCH = [1/8] global_step = 195   loss = 0.026100
10/31/2019 18:06:30 - INFO - __main__ -   EPOCH = [1/8] global_step = 196   loss = 0.069561
10/31/2019 18:06:31 - INFO - __main__ -   EPOCH = [1/8] global_step = 197   loss = 0.022074
10/31/2019 18:06:32 - INFO - __main__ -   EPOCH = [1/8] global_step = 198   loss = 0.059408
10/31/2019 18:06:33 - INFO - __main__ -   EPOCH = [1/8] global_step = 199   loss = 0.011966
10/31/2019 18:06:35 - INFO - __main__ -   EPOCH = [1/8] global_step = 200   loss = 0.011232
10/31/2019 18:06:35 - INFO - __main__ -   ***** Running evaluation *****
10/31/2019 18:06:35 - INFO - __main__ -     Num examples = 29610
10/31/2019 18:06:35 - INFO - __main__ -     Batch size = 256
10/31/2019 18:07:57 - INFO - __main__ -   Evaluating EPOCH = [1/8] global_step = 200 eval_loss = 0.033198 question_acc = 0.941439 label_acc = 0.989970
10/31/2019 18:07:57 - INFO - root -   save the best model ./output\best_bert.bin , question_acc = 0.941439
10/31/2019 18:07:59 - INFO - __main__ -   EPOCH = [1/8] global_step = 201   loss = 0.031281
10/31/2019 18:08:00 - INFO - __main__ -   EPOCH = [1/8] global_step = 202   loss = 0.068938
10/31/2019 18:08:01 - INFO - __main__ -   EPOCH = [1/8] global_step = 203   loss = 0.009030
10/31/2019 18:08:02 - INFO - __main__ -   EPOCH = [1/8] global_step = 204   loss = 0.022401
10/31/2019 18:08:04 - INFO - __main__ -   EPOCH = [1/8] global_step = 205   loss = 0.054534
10/31/2019 18:08:05 - INFO - __main__ -   EPOCH = [1/8] global_step = 206   loss = 0.009195
10/31/2019 18:08:06 - INFO - __main__ -   EPOCH = [1/8] global_step = 207   loss = 0.100833
10/31/2019 18:08:08 - INFO - __main__ -   EPOCH = [1/8] global_step = 208   loss = 0.048948
10/31/2019 18:08:09 - INFO - __main__ -   EPOCH = [1/8] global_step = 209   loss = 0.054262
10/31/2019 18:08:10 - INFO - __main__ -   EPOCH = [1/8] global_step = 210   loss = 0.074089
10/31/2019 18:08:12 - INFO - __main__ -   EPOCH = [1/8] global_step = 211   loss = 0.099961
10/31/2019 18:08:13 - INFO - __main__ -   EPOCH = [1/8] global_step = 212   loss = 0.170718
10/31/2019 18:08:14 - INFO - __main__ -   EPOCH = [1/8] global_step = 213   loss = 0.026283
10/31/2019 18:08:15 - INFO - __main__ -   EPOCH = [1/8] global_step = 214   loss = 0.048607
10/31/2019 18:08:17 - INFO - __main__ -   EPOCH = [1/8] global_step = 215   loss = 0.028778
10/31/2019 18:08:18 - INFO - __main__ -   EPOCH = [1/8] global_step = 216   loss = 0.010162
10/31/2019 18:08:19 - INFO - __main__ -   EPOCH = [1/8] global_step = 217   loss = 0.016125
10/31/2019 18:08:21 - INFO - __main__ -   EPOCH = [1/8] global_step = 218   loss = 0.045239
10/31/2019 18:08:22 - INFO - __main__ -   EPOCH = [1/8] global_step = 219   loss = 0.056416
10/31/2019 18:08:23 - INFO - __main__ -   EPOCH = [1/8] global_step = 220   loss = 0.078868
10/31/2019 18:08:24 - INFO - __main__ -   EPOCH = [1/8] global_step = 221   loss = 0.026997
10/31/2019 18:08:26 - INFO - __main__ -   EPOCH = [1/8] global_step = 222   loss = 0.082717
10/31/2019 18:08:27 - INFO - __main__ -   EPOCH = [1/8] global_step = 223   loss = 0.027812
10/31/2019 18:08:28 - INFO - __main__ -   EPOCH = [1/8] global_step = 224   loss = 0.012963
10/31/2019 18:08:30 - INFO - __main__ -   EPOCH = [1/8] global_step = 225   loss = 0.071934
10/31/2019 18:08:31 - INFO - __main__ -   EPOCH = [1/8] global_step = 226   loss = 0.077948
10/31/2019 18:08:32 - INFO - __main__ -   EPOCH = [1/8] global_step = 227   loss = 0.015248
10/31/2019 18:08:34 - INFO - __main__ -   EPOCH = [1/8] global_step = 228   loss = 0.051733
10/31/2019 18:08:35 - INFO - __main__ -   EPOCH = [1/8] global_step = 229   loss = 0.070584
10/31/2019 18:08:36 - INFO - __main__ -   EPOCH = [1/8] global_step = 230   loss = 0.032064
10/31/2019 18:08:38 - INFO - __main__ -   EPOCH = [1/8] global_step = 231   loss = 0.039882
10/31/2019 18:08:39 - INFO - __main__ -   EPOCH = [1/8] global_step = 232   loss = 0.004027
10/31/2019 18:08:40 - INFO - __main__ -   EPOCH = [1/8] global_step = 233   loss = 0.033269
10/31/2019 18:08:42 - INFO - __main__ -   EPOCH = [1/8] global_step = 234   loss = 0.019880
10/31/2019 18:08:43 - INFO - __main__ -   EPOCH = [1/8] global_step = 235   loss = 0.096029
10/31/2019 18:08:44 - INFO - __main__ -   EPOCH = [1/8] global_step = 236   loss = 0.050343
10/31/2019 18:08:46 - INFO - __main__ -   EPOCH = [1/8] global_step = 237   loss = 0.043783
10/31/2019 18:08:47 - INFO - __main__ -   EPOCH = [1/8] global_step = 238   loss = 0.097258
10/31/2019 18:08:49 - INFO - __main__ -   EPOCH = [1/8] global_step = 239   loss = 0.024367
10/31/2019 18:08:50 - INFO - __main__ -   EPOCH = [1/8] global_step = 240   loss = 0.052938
10/31/2019 18:08:51 - INFO - __main__ -   EPOCH = [1/8] global_step = 241   loss = 0.018114
10/31/2019 18:08:53 - INFO - __main__ -   EPOCH = [1/8] global_step = 242   loss = 0.046180
10/31/2019 18:08:54 - INFO - __main__ -   EPOCH = [1/8] global_step = 243   loss = 0.005653
10/31/2019 18:08:56 - INFO - __main__ -   EPOCH = [1/8] global_step = 244   loss = 0.043172
10/31/2019 18:08:57 - INFO - __main__ -   EPOCH = [1/8] global_step = 245   loss = 0.052569
10/31/2019 18:08:58 - INFO - __main__ -   EPOCH = [1/8] global_step = 246   loss = 0.027983
10/31/2019 18:09:00 - INFO - __main__ -   EPOCH = [1/8] global_step = 247   loss = 0.035000
10/31/2019 18:09:01 - INFO - __main__ -   EPOCH = [1/8] global_step = 248   loss = 0.089212
10/31/2019 18:09:02 - INFO - __main__ -   EPOCH = [1/8] global_step = 249   loss = 0.074516
10/31/2019 18:09:04 - INFO - __main__ -   EPOCH = [1/8] global_step = 250   loss = 0.118638
10/31/2019 18:09:05 - INFO - __main__ -   EPOCH = [1/8] global_step = 251   loss = 0.039385
10/31/2019 18:09:06 - INFO - __main__ -   EPOCH = [1/8] global_step = 252   loss = 0.077706
10/31/2019 18:09:08 - INFO - __main__ -   EPOCH = [1/8] global_step = 253   loss = 0.048890
10/31/2019 18:09:09 - INFO - __main__ -   EPOCH = [1/8] global_step = 254   loss = 0.058236
10/31/2019 18:09:11 - INFO - __main__ -   EPOCH = [1/8] global_step = 255   loss = 0.007226
10/31/2019 18:09:12 - INFO - __main__ -   EPOCH = [1/8] global_step = 256   loss = 0.072926
10/31/2019 18:09:13 - INFO - __main__ -   EPOCH = [1/8] global_step = 257   loss = 0.048517
10/31/2019 18:09:15 - INFO - __main__ -   EPOCH = [1/8] global_step = 258   loss = 0.093283
10/31/2019 18:09:16 - INFO - __main__ -   EPOCH = [1/8] global_step = 259   loss = 0.100149
10/31/2019 18:09:18 - INFO - __main__ -   EPOCH = [1/8] global_step = 260   loss = 0.063369
10/31/2019 18:09:19 - INFO - __main__ -   EPOCH = [1/8] global_step = 261   loss = 0.027011
10/31/2019 18:09:20 - INFO - __main__ -   EPOCH = [1/8] global_step = 262   loss = 0.011642
10/31/2019 18:09:22 - INFO - __main__ -   EPOCH = [1/8] global_step = 263   loss = 0.079490
10/31/2019 18:09:23 - INFO - __main__ -   EPOCH = [1/8] global_step = 264   loss = 0.020356
10/31/2019 18:09:24 - INFO - __main__ -   EPOCH = [1/8] global_step = 265   loss = 0.046424
10/31/2019 18:09:26 - INFO - __main__ -   EPOCH = [1/8] global_step = 266   loss = 0.050522
10/31/2019 18:09:27 - INFO - __main__ -   EPOCH = [1/8] global_step = 267   loss = 0.022766
10/31/2019 18:09:28 - INFO - __main__ -   EPOCH = [1/8] global_step = 268   loss = 0.025235
10/31/2019 18:09:30 - INFO - __main__ -   EPOCH = [1/8] global_step = 269   loss = 0.028574
10/31/2019 18:09:31 - INFO - __main__ -   EPOCH = [1/8] global_step = 270   loss = 0.016087
10/31/2019 18:09:33 - INFO - __main__ -   EPOCH = [1/8] global_step = 271   loss = 0.011788
10/31/2019 18:09:34 - INFO - __main__ -   EPOCH = [1/8] global_step = 272   loss = 0.038156
10/31/2019 18:09:35 - INFO - __main__ -   EPOCH = [1/8] global_step = 273   loss = 0.087109
10/31/2019 18:09:37 - INFO - __main__ -   EPOCH = [1/8] global_step = 274   loss = 0.044877
10/31/2019 18:09:38 - INFO - __main__ -   EPOCH = [1/8] global_step = 275   loss = 0.068780
10/31/2019 18:09:39 - INFO - __main__ -   EPOCH = [1/8] global_step = 276   loss = 0.068728
10/31/2019 18:09:41 - INFO - __main__ -   EPOCH = [1/8] global_step = 277   loss = 0.057276
10/31/2019 18:09:42 - INFO - __main__ -   EPOCH = [1/8] global_step = 278   loss = 0.096093
10/31/2019 18:09:44 - INFO - __main__ -   EPOCH = [1/8] global_step = 279   loss = 0.069166
10/31/2019 18:09:45 - INFO - __main__ -   EPOCH = [1/8] global_step = 280   loss = 0.034692
10/31/2019 18:09:46 - INFO - __main__ -   EPOCH = [1/8] global_step = 281   loss = 0.012115
10/31/2019 18:09:48 - INFO - __main__ -   EPOCH = [1/8] global_step = 282   loss = 0.084178
10/31/2019 18:09:49 - INFO - __main__ -   EPOCH = [1/8] global_step = 283   loss = 0.014451
10/31/2019 18:09:50 - INFO - __main__ -   EPOCH = [1/8] global_step = 284   loss = 0.054747
10/31/2019 18:09:52 - INFO - __main__ -   EPOCH = [1/8] global_step = 285   loss = 0.066922
10/31/2019 18:09:53 - INFO - __main__ -   EPOCH = [1/8] global_step = 286   loss = 0.049212
10/31/2019 18:09:54 - INFO - __main__ -   EPOCH = [1/8] global_step = 287   loss = 0.003713
10/31/2019 18:09:56 - INFO - __main__ -   EPOCH = [1/8] global_step = 288   loss = 0.049661
10/31/2019 18:09:57 - INFO - __main__ -   EPOCH = [1/8] global_step = 289   loss = 0.005331
10/31/2019 18:09:59 - INFO - __main__ -   EPOCH = [1/8] global_step = 290   loss = 0.084956
10/31/2019 18:10:00 - INFO - __main__ -   EPOCH = [1/8] global_step = 291   loss = 0.120301
10/31/2019 18:10:01 - INFO - __main__ -   EPOCH = [1/8] global_step = 292   loss = 0.082108
10/31/2019 18:10:03 - INFO - __main__ -   EPOCH = [1/8] global_step = 293   loss = 0.006877
10/31/2019 18:10:04 - INFO - __main__ -   EPOCH = [1/8] global_step = 294   loss = 0.035509
10/31/2019 18:10:05 - INFO - __main__ -   EPOCH = [1/8] global_step = 295   loss = 0.038674
10/31/2019 18:10:07 - INFO - __main__ -   EPOCH = [1/8] global_step = 296   loss = 0.044913
10/31/2019 18:10:08 - INFO - __main__ -   EPOCH = [1/8] global_step = 297   loss = 0.077875
10/31/2019 18:10:09 - INFO - __main__ -   EPOCH = [1/8] global_step = 298   loss = 0.051443
10/31/2019 18:10:11 - INFO - __main__ -   EPOCH = [1/8] global_step = 299   loss = 0.034857
10/31/2019 18:10:12 - INFO - __main__ -   EPOCH = [1/8] global_step = 300   loss = 0.066305
10/31/2019 18:10:12 - INFO - __main__ -   ***** Running evaluation *****
10/31/2019 18:10:12 - INFO - __main__ -     Num examples = 29610
10/31/2019 18:10:12 - INFO - __main__ -     Batch size = 256
10/31/2019 18:11:40 - INFO - __main__ -   Evaluating EPOCH = [1/8] global_step = 300 eval_loss = 0.033111 question_acc = 0.941439 label_acc = 0.990037
10/31/2019 18:11:42 - INFO - __main__ -   EPOCH = [1/8] global_step = 301   loss = 0.100694
10/31/2019 18:11:43 - INFO - __main__ -   EPOCH = [1/8] global_step = 302   loss = 0.067329
10/31/2019 18:11:44 - INFO - __main__ -   EPOCH = [1/8] global_step = 303   loss = 0.060529
10/31/2019 18:11:46 - INFO - __main__ -   EPOCH = [1/8] global_step = 304   loss = 0.012376
10/31/2019 18:11:47 - INFO - __main__ -   EPOCH = [1/8] global_step = 305   loss = 0.113004
10/31/2019 18:11:48 - INFO - __main__ -   EPOCH = [1/8] global_step = 306   loss = 0.085522
10/31/2019 18:11:50 - INFO - __main__ -   EPOCH = [1/8] global_step = 307   loss = 0.050637
10/31/2019 18:11:51 - INFO - __main__ -   EPOCH = [1/8] global_step = 308   loss = 0.028070
10/31/2019 18:11:53 - INFO - __main__ -   EPOCH = [1/8] global_step = 309   loss = 0.049562
10/31/2019 18:11:54 - INFO - __main__ -   EPOCH = [1/8] global_step = 310   loss = 0.021965
10/31/2019 18:11:55 - INFO - __main__ -   EPOCH = [1/8] global_step = 311   loss = 0.010385
10/31/2019 18:11:57 - INFO - __main__ -   EPOCH = [1/8] global_step = 312   loss = 0.005668
10/31/2019 18:11:58 - INFO - __main__ -   EPOCH = [1/8] global_step = 313   loss = 0.032915
10/31/2019 18:11:59 - INFO - __main__ -   EPOCH = [1/8] global_step = 314   loss = 0.061519
10/31/2019 18:12:01 - INFO - __main__ -   EPOCH = [1/8] global_step = 315   loss = 0.002320
10/31/2019 18:12:02 - INFO - __main__ -   EPOCH = [1/8] global_step = 316   loss = 0.047093
10/31/2019 18:12:03 - INFO - __main__ -   EPOCH = [1/8] global_step = 317   loss = 0.078729
10/31/2019 18:12:05 - INFO - __main__ -   EPOCH = [1/8] global_step = 318   loss = 0.002505
10/31/2019 18:12:06 - INFO - __main__ -   EPOCH = [1/8] global_step = 319   loss = 0.011221
10/31/2019 18:12:08 - INFO - __main__ -   EPOCH = [1/8] global_step = 320   loss = 0.029913
10/31/2019 18:12:09 - INFO - __main__ -   EPOCH = [1/8] global_step = 321   loss = 0.088550
10/31/2019 18:12:10 - INFO - __main__ -   EPOCH = [1/8] global_step = 322   loss = 0.004314
10/31/2019 18:12:12 - INFO - __main__ -   EPOCH = [1/8] global_step = 323   loss = 0.003429
10/31/2019 18:12:13 - INFO - __main__ -   EPOCH = [1/8] global_step = 324   loss = 0.045327
10/31/2019 18:12:14 - INFO - __main__ -   EPOCH = [1/8] global_step = 325   loss = 0.017605
10/31/2019 18:12:16 - INFO - __main__ -   EPOCH = [1/8] global_step = 326   loss = 0.031068
10/31/2019 18:12:17 - INFO - __main__ -   EPOCH = [1/8] global_step = 327   loss = 0.003473
10/31/2019 18:12:18 - INFO - __main__ -   EPOCH = [1/8] global_step = 328   loss = 0.009164
10/31/2019 18:12:20 - INFO - __main__ -   EPOCH = [1/8] global_step = 329   loss = 0.004711
10/31/2019 18:12:21 - INFO - __main__ -   EPOCH = [1/8] global_step = 330   loss = 0.067090
10/31/2019 18:12:22 - INFO - __main__ -   EPOCH = [1/8] global_step = 331   loss = 0.056402
10/31/2019 18:12:24 - INFO - __main__ -   EPOCH = [1/8] global_step = 332   loss = 0.032349
10/31/2019 18:12:25 - INFO - __main__ -   EPOCH = [1/8] global_step = 333   loss = 0.040329
10/31/2019 18:12:27 - INFO - __main__ -   EPOCH = [1/8] global_step = 334   loss = 0.013908
10/31/2019 18:12:28 - INFO - __main__ -   EPOCH = [1/8] global_step = 335   loss = 0.048513
10/31/2019 18:12:29 - INFO - __main__ -   EPOCH = [1/8] global_step = 336   loss = 0.008139
10/31/2019 18:12:31 - INFO - __main__ -   EPOCH = [1/8] global_step = 337   loss = 0.004568
10/31/2019 18:12:32 - INFO - __main__ -   EPOCH = [1/8] global_step = 338   loss = 0.093261
10/31/2019 18:12:33 - INFO - __main__ -   EPOCH = [1/8] global_step = 339   loss = 0.004588
10/31/2019 18:12:35 - INFO - __main__ -   EPOCH = [1/8] global_step = 340   loss = 0.030359
10/31/2019 18:12:36 - INFO - __main__ -   EPOCH = [1/8] global_step = 341   loss = 0.020165
10/31/2019 18:12:37 - INFO - __main__ -   EPOCH = [1/8] global_step = 342   loss = 0.013285
10/31/2019 18:12:39 - INFO - __main__ -   EPOCH = [1/8] global_step = 343   loss = 0.026362
10/31/2019 18:12:40 - INFO - __main__ -   EPOCH = [1/8] global_step = 344   loss = 0.056441
10/31/2019 18:12:42 - INFO - __main__ -   EPOCH = [1/8] global_step = 345   loss = 0.092747
10/31/2019 18:12:43 - INFO - __main__ -   EPOCH = [1/8] global_step = 346   loss = 0.033637
10/31/2019 18:12:44 - INFO - __main__ -   EPOCH = [1/8] global_step = 347   loss = 0.069133
10/31/2019 18:12:46 - INFO - __main__ -   EPOCH = [1/8] global_step = 348   loss = 0.024787
10/31/2019 18:12:47 - INFO - __main__ -   EPOCH = [1/8] global_step = 349   loss = 0.014763
10/31/2019 18:12:48 - INFO - __main__ -   EPOCH = [1/8] global_step = 350   loss = 0.009748
10/31/2019 18:12:50 - INFO - __main__ -   EPOCH = [1/8] global_step = 351   loss = 0.051669
10/31/2019 18:12:51 - INFO - __main__ -   EPOCH = [1/8] global_step = 352   loss = 0.079931
10/31/2019 18:12:52 - INFO - __main__ -   EPOCH = [1/8] global_step = 353   loss = 0.056781
10/31/2019 18:12:54 - INFO - __main__ -   EPOCH = [1/8] global_step = 354   loss = 0.060707
10/31/2019 18:12:55 - INFO - __main__ -   EPOCH = [1/8] global_step = 355   loss = 0.024363
10/31/2019 18:12:57 - INFO - __main__ -   EPOCH = [1/8] global_step = 356   loss = 0.014469
10/31/2019 18:12:58 - INFO - __main__ -   EPOCH = [1/8] global_step = 357   loss = 0.129834
10/31/2019 18:12:59 - INFO - __main__ -   EPOCH = [1/8] global_step = 358   loss = 0.108298
10/31/2019 18:13:01 - INFO - __main__ -   EPOCH = [1/8] global_step = 359   loss = 0.077295
10/31/2019 18:13:02 - INFO - __main__ -   EPOCH = [1/8] global_step = 360   loss = 0.014151
10/31/2019 18:13:04 - INFO - __main__ -   EPOCH = [1/8] global_step = 361   loss = 0.117195
10/31/2019 18:13:05 - INFO - __main__ -   EPOCH = [1/8] global_step = 362   loss = 0.077340
10/31/2019 18:13:06 - INFO - __main__ -   EPOCH = [1/8] global_step = 363   loss = 0.016967
10/31/2019 18:13:08 - INFO - __main__ -   EPOCH = [1/8] global_step = 364   loss = 0.006917
10/31/2019 18:13:09 - INFO - __main__ -   EPOCH = [1/8] global_step = 365   loss = 0.045091
10/31/2019 18:13:10 - INFO - __main__ -   EPOCH = [1/8] global_step = 366   loss = 0.093164
10/31/2019 18:13:12 - INFO - __main__ -   EPOCH = [1/8] global_step = 367   loss = 0.007196
10/31/2019 18:13:13 - INFO - __main__ -   EPOCH = [1/8] global_step = 368   loss = 0.042642
10/31/2019 18:13:15 - INFO - __main__ -   EPOCH = [1/8] global_step = 369   loss = 0.053821
10/31/2019 18:13:16 - INFO - __main__ -   EPOCH = [1/8] global_step = 370   loss = 0.037421
10/31/2019 18:13:17 - INFO - __main__ -   EPOCH = [1/8] global_step = 371   loss = 0.059541
10/31/2019 18:13:19 - INFO - __main__ -   EPOCH = [1/8] global_step = 372   loss = 0.030089
10/31/2019 18:13:20 - INFO - __main__ -   EPOCH = [1/8] global_step = 373   loss = 0.111808
10/31/2019 18:13:22 - INFO - __main__ -   EPOCH = [1/8] global_step = 374   loss = 0.047972
10/31/2019 18:13:23 - INFO - __main__ -   EPOCH = [1/8] global_step = 375   loss = 0.038815
10/31/2019 18:13:24 - INFO - __main__ -   EPOCH = [1/8] global_step = 376   loss = 0.012619
10/31/2019 18:13:26 - INFO - __main__ -   EPOCH = [1/8] global_step = 377   loss = 0.037850
10/31/2019 18:13:27 - INFO - __main__ -   EPOCH = [1/8] global_step = 378   loss = 0.078323
10/31/2019 18:13:28 - INFO - __main__ -   EPOCH = [1/8] global_step = 379   loss = 0.028758
10/31/2019 18:13:30 - INFO - __main__ -   EPOCH = [1/8] global_step = 380   loss = 0.018517
10/31/2019 18:13:31 - INFO - __main__ -   EPOCH = [1/8] global_step = 381   loss = 0.037679
10/31/2019 18:13:32 - INFO - __main__ -   EPOCH = [1/8] global_step = 382   loss = 0.034275
10/31/2019 18:13:34 - INFO - __main__ -   EPOCH = [1/8] global_step = 383   loss = 0.071028
10/31/2019 18:13:35 - INFO - __main__ -   EPOCH = [1/8] global_step = 384   loss = 0.018241
10/31/2019 18:13:37 - INFO - __main__ -   EPOCH = [1/8] global_step = 385   loss = 0.024535
10/31/2019 18:13:38 - INFO - __main__ -   EPOCH = [1/8] global_step = 386   loss = 0.009363
10/31/2019 18:13:39 - INFO - __main__ -   EPOCH = [1/8] global_step = 387   loss = 0.008635
10/31/2019 18:13:41 - INFO - __main__ -   EPOCH = [1/8] global_step = 388   loss = 0.008882
10/31/2019 18:13:42 - INFO - __main__ -   EPOCH = [1/8] global_step = 389   loss = 0.023966
10/31/2019 18:13:43 - INFO - __main__ -   EPOCH = [1/8] global_step = 390   loss = 0.037155
10/31/2019 18:13:45 - INFO - __main__ -   EPOCH = [1/8] global_step = 391   loss = 0.004867
10/31/2019 18:13:46 - INFO - __main__ -   EPOCH = [1/8] global_step = 392   loss = 0.090908
10/31/2019 18:13:47 - INFO - __main__ -   EPOCH = [1/8] global_step = 393   loss = 0.005897
10/31/2019 18:13:49 - INFO - __main__ -   EPOCH = [1/8] global_step = 394   loss = 0.125195
10/31/2019 18:13:50 - INFO - __main__ -   EPOCH = [1/8] global_step = 395   loss = 0.012565
10/31/2019 18:13:52 - INFO - __main__ -   EPOCH = [1/8] global_step = 396   loss = 0.115789
10/31/2019 18:13:53 - INFO - __main__ -   EPOCH = [1/8] global_step = 397   loss = 0.016472
10/31/2019 18:13:54 - INFO - __main__ -   EPOCH = [1/8] global_step = 398   loss = 0.084307
10/31/2019 18:13:56 - INFO - __main__ -   EPOCH = [1/8] global_step = 399   loss = 0.036320
10/31/2019 18:13:57 - INFO - __main__ -   EPOCH = [1/8] global_step = 400   loss = 0.014601
10/31/2019 18:13:57 - INFO - __main__ -   ***** Running evaluation *****
10/31/2019 18:13:57 - INFO - __main__ -     Num examples = 29610
10/31/2019 18:13:57 - INFO - __main__ -     Batch size = 256
10/31/2019 18:15:25 - INFO - __main__ -   Evaluating EPOCH = [1/8] global_step = 400 eval_loss = 0.033865 question_acc = 0.941641 label_acc = 0.989902
10/31/2019 18:15:26 - INFO - root -   save the best model ./output\best_bert.bin , question_acc = 0.941641
10/31/2019 18:15:27 - INFO - __main__ -   EPOCH = [1/8] global_step = 401   loss = 0.010883
10/31/2019 18:15:29 - INFO - __main__ -   EPOCH = [1/8] global_step = 402   loss = 0.038659
10/31/2019 18:15:30 - INFO - __main__ -   EPOCH = [1/8] global_step = 403   loss = 0.116132
10/31/2019 18:15:31 - INFO - __main__ -   EPOCH = [1/8] global_step = 404   loss = 0.091223
10/31/2019 18:15:33 - INFO - __main__ -   EPOCH = [1/8] global_step = 405   loss = 0.040396
10/31/2019 18:15:34 - INFO - __main__ -   EPOCH = [1/8] global_step = 406   loss = 0.054791
10/31/2019 18:15:35 - INFO - __main__ -   EPOCH = [1/8] global_step = 407   loss = 0.018852
10/31/2019 18:15:37 - INFO - __main__ -   EPOCH = [1/8] global_step = 408   loss = 0.060834
10/31/2019 18:15:38 - INFO - __main__ -   EPOCH = [1/8] global_step = 409   loss = 0.037825
10/31/2019 18:15:39 - INFO - __main__ -   EPOCH = [1/8] global_step = 410   loss = 0.052207
10/31/2019 18:15:41 - INFO - __main__ -   EPOCH = [1/8] global_step = 411   loss = 0.023111
10/31/2019 18:15:42 - INFO - __main__ -   EPOCH = [1/8] global_step = 412   loss = 0.044873
10/31/2019 18:15:44 - INFO - __main__ -   EPOCH = [1/8] global_step = 413   loss = 0.024465
10/31/2019 18:15:45 - INFO - __main__ -   EPOCH = [1/8] global_step = 414   loss = 0.064481
10/31/2019 18:15:46 - INFO - __main__ -   EPOCH = [1/8] global_step = 415   loss = 0.022956
10/31/2019 18:15:48 - INFO - __main__ -   EPOCH = [1/8] global_step = 416   loss = 0.068522
10/31/2019 18:15:49 - INFO - __main__ -   EPOCH = [1/8] global_step = 417   loss = 0.013641
10/31/2019 18:15:50 - INFO - __main__ -   EPOCH = [1/8] global_step = 418   loss = 0.076313
10/31/2019 18:15:52 - INFO - __main__ -   EPOCH = [1/8] global_step = 419   loss = 0.007375
10/31/2019 18:15:53 - INFO - __main__ -   EPOCH = [1/8] global_step = 420   loss = 0.039114
10/31/2019 18:15:54 - INFO - __main__ -   EPOCH = [1/8] global_step = 421   loss = 0.038181
10/31/2019 18:15:56 - INFO - __main__ -   EPOCH = [1/8] global_step = 422   loss = 0.074939
10/31/2019 18:15:57 - INFO - __main__ -   EPOCH = [1/8] global_step = 423   loss = 0.008727
10/31/2019 18:15:59 - INFO - __main__ -   EPOCH = [1/8] global_step = 424   loss = 0.036270
10/31/2019 18:16:00 - INFO - __main__ -   EPOCH = [1/8] global_step = 425   loss = 0.036481
10/31/2019 18:16:01 - INFO - __main__ -   EPOCH = [1/8] global_step = 426   loss = 0.016855
10/31/2019 18:16:03 - INFO - __main__ -   EPOCH = [1/8] global_step = 427   loss = 0.046919
10/31/2019 18:16:04 - INFO - __main__ -   EPOCH = [1/8] global_step = 428   loss = 0.039861
10/31/2019 18:16:05 - INFO - __main__ -   EPOCH = [1/8] global_step = 429   loss = 0.106151
10/31/2019 18:16:07 - INFO - __main__ -   EPOCH = [1/8] global_step = 430   loss = 0.028658
10/31/2019 18:16:08 - INFO - __main__ -   EPOCH = [1/8] global_step = 431   loss = 0.019263
10/31/2019 18:16:09 - INFO - __main__ -   EPOCH = [1/8] global_step = 432   loss = 0.038767
10/31/2019 18:16:11 - INFO - __main__ -   EPOCH = [1/8] global_step = 433   loss = 0.055456
10/31/2019 18:16:12 - INFO - __main__ -   EPOCH = [1/8] global_step = 434   loss = 0.036571
10/31/2019 18:16:14 - INFO - __main__ -   EPOCH = [1/8] global_step = 435   loss = 0.078975
10/31/2019 18:16:15 - INFO - __main__ -   EPOCH = [1/8] global_step = 436   loss = 0.014372
10/31/2019 18:16:16 - INFO - __main__ -   EPOCH = [1/8] global_step = 437   loss = 0.081866
10/31/2019 18:16:18 - INFO - __main__ -   EPOCH = [1/8] global_step = 438   loss = 0.039592
10/31/2019 18:16:19 - INFO - __main__ -   EPOCH = [1/8] global_step = 439   loss = 0.022652
10/31/2019 18:16:20 - INFO - __main__ -   EPOCH = [1/8] global_step = 440   loss = 0.020435
10/31/2019 18:16:22 - INFO - __main__ -   EPOCH = [1/8] global_step = 441   loss = 0.087491
10/31/2019 18:16:23 - INFO - __main__ -   EPOCH = [1/8] global_step = 442   loss = 0.005001
10/31/2019 18:16:24 - INFO - __main__ -   EPOCH = [1/8] global_step = 443   loss = 0.016728
10/31/2019 18:16:26 - INFO - __main__ -   EPOCH = [1/8] global_step = 444   loss = 0.051834
10/31/2019 18:16:27 - INFO - __main__ -   EPOCH = [1/8] global_step = 445   loss = 0.047060
10/31/2019 18:16:29 - INFO - __main__ -   EPOCH = [1/8] global_step = 446   loss = 0.154988
10/31/2019 18:16:30 - INFO - __main__ -   EPOCH = [1/8] global_step = 447   loss = 0.031169
10/31/2019 18:16:31 - INFO - __main__ -   EPOCH = [1/8] global_step = 448   loss = 0.010921
10/31/2019 18:16:33 - INFO - __main__ -   EPOCH = [1/8] global_step = 449   loss = 0.044115
10/31/2019 18:16:34 - INFO - __main__ -   EPOCH = [1/8] global_step = 450   loss = 0.015360
10/31/2019 18:16:35 - INFO - __main__ -   EPOCH = [1/8] global_step = 451   loss = 0.061527
10/31/2019 18:16:37 - INFO - __main__ -   EPOCH = [1/8] global_step = 452   loss = 0.031777
10/31/2019 18:16:38 - INFO - __main__ -   EPOCH = [1/8] global_step = 453   loss = 0.005697
10/31/2019 18:16:40 - INFO - __main__ -   EPOCH = [1/8] global_step = 454   loss = 0.023697
10/31/2019 18:16:41 - INFO - __main__ -   EPOCH = [1/8] global_step = 455   loss = 0.053407
10/31/2019 18:16:42 - INFO - __main__ -   EPOCH = [1/8] global_step = 456   loss = 0.065289
10/31/2019 18:16:44 - INFO - __main__ -   EPOCH = [1/8] global_step = 457   loss = 0.023179
10/31/2019 18:16:45 - INFO - __main__ -   EPOCH = [1/8] global_step = 458   loss = 0.072941
10/31/2019 18:16:46 - INFO - __main__ -   EPOCH = [1/8] global_step = 459   loss = 0.091192
10/31/2019 18:16:48 - INFO - __main__ -   EPOCH = [1/8] global_step = 460   loss = 0.031314
10/31/2019 18:16:49 - INFO - __main__ -   EPOCH = [1/8] global_step = 461   loss = 0.107775
10/31/2019 18:16:51 - INFO - __main__ -   EPOCH = [1/8] global_step = 462   loss = 0.024655
10/31/2019 18:16:52 - INFO - __main__ -   EPOCH = [1/8] global_step = 463   loss = 0.016138
10/31/2019 18:16:53 - INFO - __main__ -   EPOCH = [1/8] global_step = 464   loss = 0.011900
10/31/2019 18:16:55 - INFO - __main__ -   EPOCH = [1/8] global_step = 465   loss = 0.053422
10/31/2019 18:16:56 - INFO - __main__ -   EPOCH = [1/8] global_step = 466   loss = 0.044414
10/31/2019 18:16:57 - INFO - __main__ -   EPOCH = [1/8] global_step = 467   loss = 0.044620
10/31/2019 18:16:59 - INFO - __main__ -   EPOCH = [1/8] global_step = 468   loss = 0.125663
10/31/2019 18:17:00 - INFO - __main__ -   EPOCH = [1/8] global_step = 469   loss = 0.028647
10/31/2019 18:17:02 - INFO - __main__ -   EPOCH = [1/8] global_step = 470   loss = 0.058183
10/31/2019 18:17:03 - INFO - __main__ -   EPOCH = [1/8] global_step = 471   loss = 0.070365
10/31/2019 18:17:04 - INFO - __main__ -   EPOCH = [1/8] global_step = 472   loss = 0.060692
10/31/2019 18:17:06 - INFO - __main__ -   EPOCH = [1/8] global_step = 473   loss = 0.012079
10/31/2019 18:17:07 - INFO - __main__ -   EPOCH = [1/8] global_step = 474   loss = 0.035674
10/31/2019 18:17:08 - INFO - __main__ -   EPOCH = [1/8] global_step = 475   loss = 0.073372
10/31/2019 18:17:10 - INFO - __main__ -   EPOCH = [1/8] global_step = 476   loss = 0.096329
10/31/2019 18:17:11 - INFO - __main__ -   EPOCH = [1/8] global_step = 477   loss = 0.021071
10/31/2019 18:17:12 - INFO - __main__ -   EPOCH = [1/8] global_step = 478   loss = 0.079154
10/31/2019 18:17:14 - INFO - __main__ -   EPOCH = [1/8] global_step = 479   loss = 0.089559
10/31/2019 18:17:15 - INFO - __main__ -   EPOCH = [1/8] global_step = 480   loss = 0.057955
10/31/2019 18:17:17 - INFO - __main__ -   EPOCH = [1/8] global_step = 481   loss = 0.016016
10/31/2019 18:17:18 - INFO - __main__ -   EPOCH = [1/8] global_step = 482   loss = 0.031255
10/31/2019 18:17:19 - INFO - __main__ -   EPOCH = [1/8] global_step = 483   loss = 0.010901
10/31/2019 18:17:21 - INFO - __main__ -   EPOCH = [1/8] global_step = 484   loss = 0.082301
10/31/2019 18:17:22 - INFO - __main__ -   EPOCH = [1/8] global_step = 485   loss = 0.007118
10/31/2019 18:17:23 - INFO - __main__ -   EPOCH = [1/8] global_step = 486   loss = 0.047604
10/31/2019 18:17:25 - INFO - __main__ -   EPOCH = [1/8] global_step = 487   loss = 0.069121
10/31/2019 18:17:26 - INFO - __main__ -   EPOCH = [1/8] global_step = 488   loss = 0.049609
10/31/2019 18:17:27 - INFO - __main__ -   EPOCH = [1/8] global_step = 489   loss = 0.045226
10/31/2019 18:17:29 - INFO - __main__ -   EPOCH = [1/8] global_step = 490   loss = 0.083028
10/31/2019 18:17:30 - INFO - __main__ -   EPOCH = [1/8] global_step = 491   loss = 0.004930
10/31/2019 18:17:31 - INFO - __main__ -   EPOCH = [1/8] global_step = 492   loss = 0.011953
10/31/2019 18:17:33 - INFO - __main__ -   EPOCH = [1/8] global_step = 493   loss = 0.052078
10/31/2019 18:17:34 - INFO - __main__ -   EPOCH = [1/8] global_step = 494   loss = 0.046001
10/31/2019 18:17:36 - INFO - __main__ -   EPOCH = [1/8] global_step = 495   loss = 0.031883
10/31/2019 18:17:37 - INFO - __main__ -   EPOCH = [1/8] global_step = 496   loss = 0.051195
10/31/2019 18:17:38 - INFO - __main__ -   EPOCH = [1/8] global_step = 497   loss = 0.027843
10/31/2019 18:17:40 - INFO - __main__ -   EPOCH = [1/8] global_step = 498   loss = 0.036414
10/31/2019 18:17:41 - INFO - __main__ -   EPOCH = [1/8] global_step = 499   loss = 0.023644
10/31/2019 18:17:42 - INFO - __main__ -   EPOCH = [1/8] global_step = 500   loss = 0.039170
10/31/2019 18:17:42 - INFO - __main__ -   ***** Running evaluation *****
10/31/2019 18:17:42 - INFO - __main__ -     Num examples = 29610
10/31/2019 18:17:42 - INFO - __main__ -     Batch size = 256
10/31/2019 18:19:11 - INFO - __main__ -   Evaluating EPOCH = [1/8] global_step = 500 eval_loss = 0.028254 question_acc = 0.950152 label_acc = 0.991523
10/31/2019 18:19:11 - INFO - root -   save the best model ./output\best_bert.bin , question_acc = 0.950152
10/31/2019 18:19:13 - INFO - __main__ -   EPOCH = [1/8] global_step = 501   loss = 0.047425
10/31/2019 18:19:14 - INFO - __main__ -   EPOCH = [1/8] global_step = 502   loss = 0.060588
10/31/2019 18:19:15 - INFO - __main__ -   EPOCH = [1/8] global_step = 503   loss = 0.020330
10/31/2019 18:19:17 - INFO - __main__ -   EPOCH = [1/8] global_step = 504   loss = 0.079038
10/31/2019 18:19:18 - INFO - __main__ -   EPOCH = [1/8] global_step = 505   loss = 0.035935
10/31/2019 18:19:19 - INFO - __main__ -   EPOCH = [1/8] global_step = 506   loss = 0.032157
10/31/2019 18:19:21 - INFO - __main__ -   EPOCH = [1/8] global_step = 507   loss = 0.040546
10/31/2019 18:19:22 - INFO - __main__ -   EPOCH = [1/8] global_step = 508   loss = 0.032282
10/31/2019 18:19:24 - INFO - __main__ -   EPOCH = [1/8] global_step = 509   loss = 0.016364
10/31/2019 18:19:25 - INFO - __main__ -   EPOCH = [1/8] global_step = 510   loss = 0.040038
10/31/2019 18:19:26 - INFO - __main__ -   EPOCH = [1/8] global_step = 511   loss = 0.064346
10/31/2019 18:19:28 - INFO - __main__ -   EPOCH = [1/8] global_step = 512   loss = 0.009395
10/31/2019 18:19:29 - INFO - __main__ -   EPOCH = [1/8] global_step = 513   loss = 0.010961
10/31/2019 18:19:30 - INFO - __main__ -   EPOCH = [1/8] global_step = 514   loss = 0.031426
10/31/2019 18:19:32 - INFO - __main__ -   EPOCH = [1/8] global_step = 515   loss = 0.028445
10/31/2019 18:19:33 - INFO - __main__ -   EPOCH = [1/8] global_step = 516   loss = 0.056506
10/31/2019 18:19:35 - INFO - __main__ -   EPOCH = [1/8] global_step = 517   loss = 0.027695
10/31/2019 18:19:36 - INFO - __main__ -   EPOCH = [1/8] global_step = 518   loss = 0.011343
10/31/2019 18:19:37 - INFO - __main__ -   EPOCH = [1/8] global_step = 519   loss = 0.104357
10/31/2019 18:19:39 - INFO - __main__ -   EPOCH = [1/8] global_step = 520   loss = 0.060196
10/31/2019 18:19:40 - INFO - __main__ -   EPOCH = [1/8] global_step = 521   loss = 0.051437
10/31/2019 18:19:41 - INFO - __main__ -   EPOCH = [1/8] global_step = 522   loss = 0.047143
10/31/2019 18:19:43 - INFO - __main__ -   EPOCH = [1/8] global_step = 523   loss = 0.040264
10/31/2019 18:19:44 - INFO - __main__ -   EPOCH = [1/8] global_step = 524   loss = 0.049863
10/31/2019 18:19:45 - INFO - __main__ -   EPOCH = [1/8] global_step = 525   loss = 0.035780
10/31/2019 18:19:47 - INFO - __main__ -   EPOCH = [1/8] global_step = 526   loss = 0.068262
10/31/2019 18:19:48 - INFO - __main__ -   EPOCH = [1/8] global_step = 527   loss = 0.052646
10/31/2019 18:19:50 - INFO - __main__ -   EPOCH = [1/8] global_step = 528   loss = 0.073115
10/31/2019 18:19:51 - INFO - __main__ -   EPOCH = [1/8] global_step = 529   loss = 0.033664
10/31/2019 18:19:52 - INFO - __main__ -   EPOCH = [1/8] global_step = 530   loss = 0.014780
10/31/2019 18:19:54 - INFO - __main__ -   EPOCH = [1/8] global_step = 531   loss = 0.049354
10/31/2019 18:19:55 - INFO - __main__ -   EPOCH = [1/8] global_step = 532   loss = 0.066316
10/31/2019 18:19:56 - INFO - __main__ -   EPOCH = [1/8] global_step = 533   loss = 0.026508
10/31/2019 18:19:58 - INFO - __main__ -   EPOCH = [1/8] global_step = 534   loss = 0.049657
10/31/2019 18:19:59 - INFO - __main__ -   EPOCH = [1/8] global_step = 535   loss = 0.036398
10/31/2019 18:20:01 - INFO - __main__ -   EPOCH = [1/8] global_step = 536   loss = 0.065512
10/31/2019 18:20:02 - INFO - __main__ -   EPOCH = [1/8] global_step = 537   loss = 0.050040
10/31/2019 18:20:03 - INFO - __main__ -   EPOCH = [1/8] global_step = 538   loss = 0.042817
10/31/2019 18:20:05 - INFO - __main__ -   EPOCH = [1/8] global_step = 539   loss = 0.050907
10/31/2019 18:20:06 - INFO - __main__ -   EPOCH = [1/8] global_step = 540   loss = 0.027048
10/31/2019 18:20:07 - INFO - __main__ -   EPOCH = [1/8] global_step = 541   loss = 0.041006
10/31/2019 18:20:09 - INFO - __main__ -   EPOCH = [1/8] global_step = 542   loss = 0.008412
10/31/2019 18:20:10 - INFO - __main__ -   EPOCH = [1/8] global_step = 543   loss = 0.073543
10/31/2019 18:20:11 - INFO - __main__ -   EPOCH = [1/8] global_step = 544   loss = 0.074010
10/31/2019 18:20:13 - INFO - __main__ -   EPOCH = [1/8] global_step = 545   loss = 0.049204
10/31/2019 18:20:14 - INFO - __main__ -   EPOCH = [1/8] global_step = 546   loss = 0.053861
10/31/2019 18:20:16 - INFO - __main__ -   EPOCH = [1/8] global_step = 547   loss = 0.030527
10/31/2019 18:20:17 - INFO - __main__ -   EPOCH = [1/8] global_step = 548   loss = 0.014968
10/31/2019 18:20:18 - INFO - __main__ -   EPOCH = [1/8] global_step = 549   loss = 0.087444
10/31/2019 18:20:20 - INFO - __main__ -   EPOCH = [1/8] global_step = 550   loss = 0.010389
10/31/2019 18:20:21 - INFO - __main__ -   EPOCH = [1/8] global_step = 551   loss = 0.046020
10/31/2019 18:20:22 - INFO - __main__ -   EPOCH = [1/8] global_step = 552   loss = 0.021872
10/31/2019 18:20:24 - INFO - __main__ -   EPOCH = [1/8] global_step = 553   loss = 0.134554
10/31/2019 18:20:25 - INFO - __main__ -   EPOCH = [1/8] global_step = 554   loss = 0.010470
10/31/2019 18:20:27 - INFO - __main__ -   EPOCH = [1/8] global_step = 555   loss = 0.055020
10/31/2019 18:20:28 - INFO - __main__ -   EPOCH = [1/8] global_step = 556   loss = 0.014284
10/31/2019 18:20:29 - INFO - __main__ -   EPOCH = [1/8] global_step = 557   loss = 0.004459
10/31/2019 18:20:31 - INFO - __main__ -   EPOCH = [1/8] global_step = 558   loss = 0.027674
10/31/2019 18:20:32 - INFO - __main__ -   EPOCH = [1/8] global_step = 559   loss = 0.040901
10/31/2019 18:20:33 - INFO - __main__ -   EPOCH = [1/8] global_step = 560   loss = 0.016829
10/31/2019 18:20:35 - INFO - __main__ -   EPOCH = [1/8] global_step = 561   loss = 0.095812
10/31/2019 18:20:36 - INFO - __main__ -   EPOCH = [1/8] global_step = 562   loss = 0.064907
10/31/2019 18:20:38 - INFO - __main__ -   EPOCH = [1/8] global_step = 563   loss = 0.005356
10/31/2019 18:20:39 - INFO - __main__ -   EPOCH = [1/8] global_step = 564   loss = 0.050479
10/31/2019 18:20:40 - INFO - __main__ -   EPOCH = [1/8] global_step = 565   loss = 0.006673
10/31/2019 18:20:42 - INFO - __main__ -   EPOCH = [1/8] global_step = 566   loss = 0.027521
10/31/2019 18:20:43 - INFO - __main__ -   EPOCH = [1/8] global_step = 567   loss = 0.008164
10/31/2019 18:20:44 - INFO - __main__ -   EPOCH = [1/8] global_step = 568   loss = 0.031765
10/31/2019 18:20:46 - INFO - __main__ -   EPOCH = [1/8] global_step = 569   loss = 0.056595
10/31/2019 18:20:47 - INFO - __main__ -   EPOCH = [1/8] global_step = 570   loss = 0.054172
10/31/2019 18:20:48 - INFO - __main__ -   EPOCH = [1/8] global_step = 571   loss = 0.015693
10/31/2019 18:20:50 - INFO - __main__ -   EPOCH = [1/8] global_step = 572   loss = 0.061701
10/31/2019 18:20:51 - INFO - __main__ -   EPOCH = [1/8] global_step = 573   loss = 0.094710
10/31/2019 18:20:52 - INFO - __main__ -   EPOCH = [1/8] global_step = 574   loss = 0.011325
10/31/2019 18:20:54 - INFO - __main__ -   EPOCH = [1/8] global_step = 575   loss = 0.032719
10/31/2019 18:20:55 - INFO - __main__ -   EPOCH = [1/8] global_step = 576   loss = 0.015128
10/31/2019 18:20:56 - INFO - __main__ -   EPOCH = [1/8] global_step = 577   loss = 0.067622
10/31/2019 18:20:58 - INFO - __main__ -   EPOCH = [1/8] global_step = 578   loss = 0.020428
10/31/2019 18:20:59 - INFO - __main__ -   EPOCH = [1/8] global_step = 579   loss = 0.034886
10/31/2019 18:21:01 - INFO - __main__ -   EPOCH = [1/8] global_step = 580   loss = 0.008464
10/31/2019 18:21:02 - INFO - __main__ -   EPOCH = [1/8] global_step = 581   loss = 0.026515
10/31/2019 18:21:03 - INFO - __main__ -   EPOCH = [1/8] global_step = 582   loss = 0.018603
10/31/2019 18:21:05 - INFO - __main__ -   EPOCH = [1/8] global_step = 583   loss = 0.128111
10/31/2019 18:21:06 - INFO - __main__ -   EPOCH = [1/8] global_step = 584   loss = 0.043633
10/31/2019 18:21:07 - INFO - __main__ -   EPOCH = [1/8] global_step = 585   loss = 0.015026
10/31/2019 18:21:09 - INFO - __main__ -   EPOCH = [1/8] global_step = 586   loss = 0.038701
10/31/2019 18:21:10 - INFO - __main__ -   EPOCH = [1/8] global_step = 587   loss = 0.007559
10/31/2019 18:21:11 - INFO - __main__ -   EPOCH = [1/8] global_step = 588   loss = 0.002777
10/31/2019 18:21:13 - INFO - __main__ -   EPOCH = [1/8] global_step = 589   loss = 0.037629
10/31/2019 18:21:14 - INFO - __main__ -   EPOCH = [1/8] global_step = 590   loss = 0.053435
10/31/2019 18:21:15 - INFO - __main__ -   EPOCH = [1/8] global_step = 591   loss = 0.046666
10/31/2019 18:21:17 - INFO - __main__ -   EPOCH = [1/8] global_step = 592   loss = 0.054246
10/31/2019 18:21:18 - INFO - __main__ -   EPOCH = [1/8] global_step = 593   loss = 0.002353
10/31/2019 18:21:19 - INFO - __main__ -   EPOCH = [1/8] global_step = 594   loss = 0.068207
10/31/2019 18:21:21 - INFO - __main__ -   EPOCH = [1/8] global_step = 595   loss = 0.028540
10/31/2019 18:21:22 - INFO - __main__ -   EPOCH = [1/8] global_step = 596   loss = 0.086413
10/31/2019 18:21:24 - INFO - __main__ -   EPOCH = [1/8] global_step = 597   loss = 0.010204
10/31/2019 18:21:25 - INFO - __main__ -   EPOCH = [1/8] global_step = 598   loss = 0.043534
10/31/2019 18:21:26 - INFO - __main__ -   EPOCH = [1/8] global_step = 599   loss = 0.097584
10/31/2019 18:21:28 - INFO - __main__ -   EPOCH = [1/8] global_step = 600   loss = 0.075231
10/31/2019 18:21:28 - INFO - __main__ -   ***** Running evaluation *****
10/31/2019 18:21:28 - INFO - __main__ -     Num examples = 29610
10/31/2019 18:21:28 - INFO - __main__ -     Batch size = 256
10/31/2019 18:22:56 - INFO - __main__ -   Evaluating EPOCH = [1/8] global_step = 600 eval_loss = 0.025728 question_acc = 0.953799 label_acc = 0.992131
10/31/2019 18:22:56 - INFO - root -   save the best model ./output\best_bert.bin , question_acc = 0.953799
10/31/2019 18:22:58 - INFO - __main__ -   EPOCH = [1/8] global_step = 601   loss = 0.034880
10/31/2019 18:22:59 - INFO - __main__ -   EPOCH = [1/8] global_step = 602   loss = 0.019498
10/31/2019 18:23:00 - INFO - __main__ -   EPOCH = [1/8] global_step = 603   loss = 0.034618
10/31/2019 18:23:02 - INFO - __main__ -   EPOCH = [1/8] global_step = 604   loss = 0.033703
10/31/2019 18:23:03 - INFO - __main__ -   EPOCH = [1/8] global_step = 605   loss = 0.071702
10/31/2019 18:23:04 - INFO - __main__ -   EPOCH = [1/8] global_step = 606   loss = 0.032054
10/31/2019 18:23:06 - INFO - __main__ -   EPOCH = [1/8] global_step = 607   loss = 0.017215
10/31/2019 18:23:07 - INFO - __main__ -   EPOCH = [1/8] global_step = 608   loss = 0.048561
10/31/2019 18:23:09 - INFO - __main__ -   EPOCH = [1/8] global_step = 609   loss = 0.009997
10/31/2019 18:23:10 - INFO - __main__ -   EPOCH = [1/8] global_step = 610   loss = 0.021557
10/31/2019 18:23:11 - INFO - __main__ -   EPOCH = [1/8] global_step = 611   loss = 0.044078
10/31/2019 18:23:13 - INFO - __main__ -   EPOCH = [1/8] global_step = 612   loss = 0.057142
10/31/2019 18:23:14 - INFO - __main__ -   EPOCH = [1/8] global_step = 613   loss = 0.029372
10/31/2019 18:23:15 - INFO - __main__ -   EPOCH = [1/8] global_step = 614   loss = 0.022301
10/31/2019 18:23:17 - INFO - __main__ -   EPOCH = [1/8] global_step = 615   loss = 0.034086
10/31/2019 18:23:18 - INFO - __main__ -   EPOCH = [1/8] global_step = 616   loss = 0.022313
10/31/2019 18:23:19 - INFO - __main__ -   EPOCH = [1/8] global_step = 617   loss = 0.038400
10/31/2019 18:23:21 - INFO - __main__ -   EPOCH = [1/8] global_step = 618   loss = 0.022713
10/31/2019 18:23:22 - INFO - __main__ -   EPOCH = [1/8] global_step = 619   loss = 0.013878
10/31/2019 18:23:23 - INFO - __main__ -   EPOCH = [1/8] global_step = 620   loss = 0.007706
10/31/2019 18:23:25 - INFO - __main__ -   EPOCH = [1/8] global_step = 621   loss = 0.022676
10/31/2019 18:23:26 - INFO - __main__ -   EPOCH = [1/8] global_step = 622   loss = 0.108749
10/31/2019 18:23:28 - INFO - __main__ -   EPOCH = [1/8] global_step = 623   loss = 0.018202
10/31/2019 18:23:29 - INFO - __main__ -   EPOCH = [1/8] global_step = 624   loss = 0.070809
10/31/2019 18:23:30 - INFO - __main__ -   EPOCH = [1/8] global_step = 625   loss = 0.062856
10/31/2019 18:23:32 - INFO - __main__ -   EPOCH = [1/8] global_step = 626   loss = 0.094706
10/31/2019 18:23:33 - INFO - __main__ -   EPOCH = [1/8] global_step = 627   loss = 0.021109
10/31/2019 18:23:34 - INFO - __main__ -   EPOCH = [1/8] global_step = 628   loss = 0.028029
10/31/2019 18:23:36 - INFO - __main__ -   EPOCH = [1/8] global_step = 629   loss = 0.032796
10/31/2019 18:23:37 - INFO - __main__ -   EPOCH = [1/8] global_step = 630   loss = 0.056249
10/31/2019 18:23:39 - INFO - __main__ -   EPOCH = [1/8] global_step = 631   loss = 0.002663
10/31/2019 18:23:40 - INFO - __main__ -   EPOCH = [1/8] global_step = 632   loss = 0.104667
10/31/2019 18:23:41 - INFO - __main__ -   EPOCH = [1/8] global_step = 633   loss = 0.014234
10/31/2019 18:23:43 - INFO - __main__ -   EPOCH = [1/8] global_step = 634   loss = 0.038464
10/31/2019 18:23:44 - INFO - __main__ -   EPOCH = [1/8] global_step = 635   loss = 0.060231
10/31/2019 18:23:45 - INFO - __main__ -   EPOCH = [1/8] global_step = 636   loss = 0.025090
10/31/2019 18:23:47 - INFO - __main__ -   EPOCH = [1/8] global_step = 637   loss = 0.077891
10/31/2019 18:23:48 - INFO - __main__ -   EPOCH = [1/8] global_step = 638   loss = 0.044099
10/31/2019 18:23:50 - INFO - __main__ -   EPOCH = [1/8] global_step = 639   loss = 0.028299
10/31/2019 18:23:51 - INFO - __main__ -   EPOCH = [1/8] global_step = 640   loss = 0.032998
10/31/2019 18:23:52 - INFO - __main__ -   EPOCH = [1/8] global_step = 641   loss = 0.007454
10/31/2019 18:23:54 - INFO - __main__ -   EPOCH = [1/8] global_step = 642   loss = 0.143668
10/31/2019 18:23:55 - INFO - __main__ -   EPOCH = [1/8] global_step = 643   loss = 0.049982
10/31/2019 18:23:56 - INFO - __main__ -   EPOCH = [1/8] global_step = 644   loss = 0.019804
10/31/2019 18:23:58 - INFO - __main__ -   EPOCH = [1/8] global_step = 645   loss = 0.040051
10/31/2019 18:23:59 - INFO - __main__ -   EPOCH = [1/8] global_step = 646   loss = 0.024782
10/31/2019 18:24:01 - INFO - __main__ -   EPOCH = [1/8] global_step = 647   loss = 0.043285
10/31/2019 18:24:02 - INFO - __main__ -   EPOCH = [1/8] global_step = 648   loss = 0.070012
10/31/2019 18:24:03 - INFO - __main__ -   EPOCH = [1/8] global_step = 649   loss = 0.022692
10/31/2019 18:24:05 - INFO - __main__ -   EPOCH = [1/8] global_step = 650   loss = 0.018277
10/31/2019 18:24:06 - INFO - __main__ -   EPOCH = [1/8] global_step = 651   loss = 0.022254
10/31/2019 18:24:07 - INFO - __main__ -   EPOCH = [1/8] global_step = 652   loss = 0.048069
10/31/2019 18:24:09 - INFO - __main__ -   EPOCH = [1/8] global_step = 653   loss = 0.019802
10/31/2019 18:24:10 - INFO - __main__ -   EPOCH = [1/8] global_step = 654   loss = 0.082196
10/31/2019 18:24:11 - INFO - __main__ -   EPOCH = [1/8] global_step = 655   loss = 0.053156
10/31/2019 18:24:13 - INFO - __main__ -   EPOCH = [1/8] global_step = 656   loss = 0.080986
10/31/2019 18:24:14 - INFO - __main__ -   EPOCH = [1/8] global_step = 657   loss = 0.012273
10/31/2019 18:24:16 - INFO - __main__ -   EPOCH = [1/8] global_step = 658   loss = 0.063456
10/31/2019 18:24:17 - INFO - __main__ -   EPOCH = [1/8] global_step = 659   loss = 0.010820
10/31/2019 18:24:18 - INFO - __main__ -   EPOCH = [1/8] global_step = 660   loss = 0.012853
10/31/2019 18:24:20 - INFO - __main__ -   EPOCH = [1/8] global_step = 661   loss = 0.057329
10/31/2019 18:24:21 - INFO - __main__ -   EPOCH = [1/8] global_step = 662   loss = 0.062901
10/31/2019 18:24:22 - INFO - __main__ -   EPOCH = [1/8] global_step = 663   loss = 0.031588
10/31/2019 18:24:24 - INFO - __main__ -   EPOCH = [1/8] global_step = 664   loss = 0.006017
10/31/2019 18:24:25 - INFO - __main__ -   EPOCH = [1/8] global_step = 665   loss = 0.046255
10/31/2019 18:24:26 - INFO - __main__ -   EPOCH = [1/8] global_step = 666   loss = 0.034038
10/31/2019 18:24:28 - INFO - __main__ -   EPOCH = [1/8] global_step = 667   loss = 0.104124
10/31/2019 18:24:29 - INFO - __main__ -   EPOCH = [1/8] global_step = 668   loss = 0.072538
10/31/2019 18:24:31 - INFO - __main__ -   EPOCH = [1/8] global_step = 669   loss = 0.017405
10/31/2019 18:24:32 - INFO - __main__ -   EPOCH = [1/8] global_step = 670   loss = 0.025652
10/31/2019 18:24:33 - INFO - __main__ -   EPOCH = [1/8] global_step = 671   loss = 0.007164
10/31/2019 18:24:35 - INFO - __main__ -   EPOCH = [1/8] global_step = 672   loss = 0.054156
10/31/2019 18:24:36 - INFO - __main__ -   EPOCH = [1/8] global_step = 673   loss = 0.102430
10/31/2019 18:24:37 - INFO - __main__ -   EPOCH = [1/8] global_step = 674   loss = 0.093542
10/31/2019 18:24:39 - INFO - __main__ -   EPOCH = [1/8] global_step = 675   loss = 0.104121
10/31/2019 18:24:40 - INFO - __main__ -   EPOCH = [1/8] global_step = 676   loss = 0.012129
10/31/2019 18:24:42 - INFO - __main__ -   EPOCH = [1/8] global_step = 677   loss = 0.055766
10/31/2019 18:24:43 - INFO - __main__ -   EPOCH = [1/8] global_step = 678   loss = 0.089837
10/31/2019 18:24:44 - INFO - __main__ -   EPOCH = [1/8] global_step = 679   loss = 0.007381
10/31/2019 18:24:46 - INFO - __main__ -   EPOCH = [1/8] global_step = 680   loss = 0.065762
10/31/2019 18:24:47 - INFO - __main__ -   EPOCH = [1/8] global_step = 681   loss = 0.041321
10/31/2019 18:24:48 - INFO - __main__ -   EPOCH = [1/8] global_step = 682   loss = 0.047202
10/31/2019 18:24:50 - INFO - __main__ -   EPOCH = [1/8] global_step = 683   loss = 0.019267
10/31/2019 18:24:51 - INFO - __main__ -   EPOCH = [1/8] global_step = 684   loss = 0.034163
10/31/2019 18:24:52 - INFO - __main__ -   EPOCH = [1/8] global_step = 685   loss = 0.087573
10/31/2019 18:24:54 - INFO - __main__ -   EPOCH = [2/8] global_step = 686   loss = 0.030420
10/31/2019 18:24:55 - INFO - __main__ -   EPOCH = [2/8] global_step = 687   loss = 0.026488
10/31/2019 18:24:56 - INFO - __main__ -   EPOCH = [2/8] global_step = 688   loss = 0.026797
10/31/2019 18:24:58 - INFO - __main__ -   EPOCH = [2/8] global_step = 689   loss = 0.032157
10/31/2019 18:24:59 - INFO - __main__ -   EPOCH = [2/8] global_step = 690   loss = 0.006020
10/31/2019 18:25:00 - INFO - __main__ -   EPOCH = [2/8] global_step = 691   loss = 0.038173
10/31/2019 18:25:02 - INFO - __main__ -   EPOCH = [2/8] global_step = 692   loss = 0.014413
10/31/2019 18:25:03 - INFO - __main__ -   EPOCH = [2/8] global_step = 693   loss = 0.008274
10/31/2019 18:25:05 - INFO - __main__ -   EPOCH = [2/8] global_step = 694   loss = 0.001384
10/31/2019 18:25:06 - INFO - __main__ -   EPOCH = [2/8] global_step = 695   loss = 0.000928
10/31/2019 18:25:07 - INFO - __main__ -   EPOCH = [2/8] global_step = 696   loss = 0.011026
10/31/2019 18:25:09 - INFO - __main__ -   EPOCH = [2/8] global_step = 697   loss = 0.000901
10/31/2019 18:25:10 - INFO - __main__ -   EPOCH = [2/8] global_step = 698   loss = 0.042091
10/31/2019 18:25:11 - INFO - __main__ -   EPOCH = [2/8] global_step = 699   loss = 0.009164
10/31/2019 18:25:13 - INFO - __main__ -   EPOCH = [2/8] global_step = 700   loss = 0.010180
10/31/2019 18:25:13 - INFO - __main__ -   ***** Running evaluation *****
10/31/2019 18:25:13 - INFO - __main__ -     Num examples = 29610
10/31/2019 18:25:13 - INFO - __main__ -     Batch size = 256
10/31/2019 18:28:26 - INFO - __main__ -   EPOCH = [2/8] global_step = 777   loss = 0.062962
10/31/2019 18:28:28 - INFO - __main__ -   EPOCH = [2/8] global_step = 778   loss = 0.007893
10/31/2019 18:28:29 - INFO - __main__ -   EPOCH = [2/8] global_step = 779   loss = 0.010468
10/31/2019 18:28:30 - INFO - __main__ -   EPOCH = [2/8] global_step = 780   loss = 0.001270
10/31/2019 18:28:32 - INFO - __main__ -   EPOCH = [2/8] global_step = 781   loss = 0.041036
10/31/2019 18:28:33 - INFO - __main__ -   EPOCH = [2/8] global_step = 782   loss = 0.021493
10/31/2019 18:28:34 - INFO - __main__ -   EPOCH = [2/8] global_step = 783   loss = 0.039983
10/31/2019 18:28:36 - INFO - __main__ -   EPOCH = [2/8] global_step = 784   loss = 0.002402
10/31/2019 18:28:37 - INFO - __main__ -   EPOCH = [2/8] global_step = 785   loss = 0.086201
10/31/2019 18:28:38 - INFO - __main__ -   EPOCH = [2/8] global_step = 786   loss = 0.019052
10/31/2019 18:28:40 - INFO - __main__ -   EPOCH = [2/8] global_step = 787   loss = 0.015643
10/31/2019 18:28:41 - INFO - __main__ -   EPOCH = [2/8] global_step = 788   loss = 0.004418
10/31/2019 18:28:43 - INFO - __main__ -   EPOCH = [2/8] global_step = 789   loss = 0.054700
10/31/2019 18:28:44 - INFO - __main__ -   EPOCH = [2/8] global_step = 790   loss = 0.005616
10/31/2019 18:28:45 - INFO - __main__ -   EPOCH = [2/8] global_step = 791   loss = 0.033484
10/31/2019 18:28:47 - INFO - __main__ -   EPOCH = [2/8] global_step = 792   loss = 0.029152
10/31/2019 18:28:48 - INFO - __main__ -   EPOCH = [2/8] global_step = 793   loss = 0.037390
10/31/2019 18:28:49 - INFO - __main__ -   EPOCH = [2/8] global_step = 794   loss = 0.024700
10/31/2019 18:28:51 - INFO - __main__ -   EPOCH = [2/8] global_step = 795   loss = 0.023748
10/31/2019 18:28:52 - INFO - __main__ -   EPOCH = [2/8] global_step = 796   loss = 0.034024
10/31/2019 18:28:53 - INFO - __main__ -   EPOCH = [2/8] global_step = 797   loss = 0.054657
10/31/2019 18:28:55 - INFO - __main__ -   EPOCH = [2/8] global_step = 798   loss = 0.026081
10/31/2019 18:28:56 - INFO - __main__ -   EPOCH = [2/8] global_step = 799   loss = 0.014339
10/31/2019 18:28:58 - INFO - __main__ -   EPOCH = [2/8] global_step = 800   loss = 0.023179
10/31/2019 18:28:58 - INFO - __main__ -   ***** Running evaluation *****
10/31/2019 18:28:58 - INFO - __main__ -     Num examples = 29610
10/31/2019 18:28:58 - INFO - __main__ -     Batch size = 256
10/31/2019 18:30:26 - INFO - __main__ -   Evaluating EPOCH = [2/8] global_step = 800 eval_loss = 0.026128 question_acc = 0.957244 label_acc = 0.992671
10/31/2019 18:30:26 - INFO - root -   save the best model ./output\best_bert.bin , question_acc = 0.957244
10/31/2019 18:30:28 - INFO - __main__ -   EPOCH = [2/8] global_step = 801   loss = 0.038015
10/31/2019 18:30:29 - INFO - __main__ -   EPOCH = [2/8] global_step = 802   loss = 0.041718
10/31/2019 18:30:31 - INFO - __main__ -   EPOCH = [2/8] global_step = 803   loss = 0.043373
10/31/2019 18:30:32 - INFO - __main__ -   EPOCH = [2/8] global_step = 804   loss = 0.023062
10/31/2019 18:30:33 - INFO - __main__ -   EPOCH = [2/8] global_step = 805   loss = 0.009896
10/31/2019 18:30:35 - INFO - __main__ -   EPOCH = [2/8] global_step = 806   loss = 0.003533
10/31/2019 18:30:36 - INFO - __main__ -   EPOCH = [2/8] global_step = 807   loss = 0.032881
10/31/2019 18:30:37 - INFO - __main__ -   EPOCH = [2/8] global_step = 808   loss = 0.029872
10/31/2019 18:30:39 - INFO - __main__ -   EPOCH = [2/8] global_step = 809   loss = 0.015516
10/31/2019 18:30:40 - INFO - __main__ -   EPOCH = [2/8] global_step = 810   loss = 0.011905
10/31/2019 18:30:41 - INFO - __main__ -   EPOCH = [2/8] global_step = 811   loss = 0.004738
